01:05:56 **** Build of project SD_VGA_bsp ****
make -k all 
"Running Make include in ps7_cortexa9_0/libsrc/axivdma_v6_4/src"
make -C ps7_cortexa9_0/libsrc/axivdma_v6_4/src -s include  "SHELL=CMD" "COMPILER=arm-none-eabi-gcc" "ARCHIVER=arm-none-eabi-ar" "COMPILER_FLAGS=  -O2 -c" "EXTRA_COMPILER_FLAGS=-mcpu=cortex-a9 -mfpu=vfpv3 -mfloat-abi=hard -nostartfiles -Wall -Wextra"
"Running Make include in ps7_cortexa9_0/libsrc/coresightps_dcc_v1_4/src"
make -C ps7_cortexa9_0/libsrc/coresightps_dcc_v1_4/src -s include  "SHELL=CMD" "COMPILER=arm-none-eabi-gcc" "ARCHIVER=arm-none-eabi-ar" "COMPILER_FLAGS=  -O2 -c" "EXTRA_COMPILER_FLAGS=-mcpu=cortex-a9 -mfpu=vfpv3 -mfloat-abi=hard -nostartfiles -Wall -Wextra"
"Running Make include in ps7_cortexa9_0/libsrc/cpu_cortexa9_v2_5/src"
make -C ps7_cortexa9_0/libsrc/cpu_cortexa9_v2_5/src -s include  "SHELL=CMD" "COMPILER=arm-none-eabi-gcc" "ARCHIVER=arm-none-eabi-ar" "COMPILER_FLAGS=  -O2 -c" "EXTRA_COMPILER_FLAGS=-mcpu=cortex-a9 -mfpu=vfpv3 -mfloat-abi=hard -nostartfiles -Wall -Wextra"
"Running Make include in ps7_cortexa9_0/libsrc/ddrps_v1_0/src"
make -C ps7_cortexa9_0/libsrc/ddrps_v1_0/src -s include  "SHELL=CMD" "COMPILER=arm-none-eabi-gcc" "ARCHIVER=arm-none-eabi-ar" "COMPILER_FLAGS=  -O2 -c" "EXTRA_COMPILER_FLAGS=-mcpu=cortex-a9 -mfpu=vfpv3 -mfloat-abi=hard -nostartfiles -Wall -Wextra"
"Running Make include in ps7_cortexa9_0/libsrc/devcfg_v3_5/src"
make -C ps7_cortexa9_0/libsrc/devcfg_v3_5/src -s include  "SHELL=CMD" "COMPILER=arm-none-eabi-gcc" "ARCHIVER=arm-none-eabi-ar" "COMPILER_FLAGS=  -O2 -c" "EXTRA_COMPILER_FLAGS=-mcpu=cortex-a9 -mfpu=vfpv3 -mfloat-abi=hard -nostartfiles -Wall -Wextra"
"Running Make include in ps7_cortexa9_0/libsrc/dmaps_v2_3/src"
make -C ps7_cortexa9_0/libsrc/dmaps_v2_3/src -s include  "SHELL=CMD" "COMPILER=arm-none-eabi-gcc" "ARCHIVER=arm-none-eabi-ar" "COMPILER_FLAGS=  -O2 -c" "EXTRA_COMPILER_FLAGS=-mcpu=cortex-a9 -mfpu=vfpv3 -mfloat-abi=hard -nostartfiles -Wall -Wextra"
"Running Make include in ps7_cortexa9_0/libsrc/lwip141_v2_0/src"
make -C ps7_cortexa9_0/libsrc/lwip141_v2_0/src -s include  "SHELL=CMD" "COMPILER=arm-none-eabi-gcc" "ARCHIVER=arm-none-eabi-ar" "COMPILER_FLAGS=  -O2 -c" "EXTRA_COMPILER_FLAGS=-mcpu=cortex-a9 -mfpu=vfpv3 -mfloat-abi=hard -nostartfiles -Wall -Wextra"
"Running Make include in ps7_cortexa9_0/libsrc/nandps_v2_3/src"
make -C ps7_cortexa9_0/libsrc/nandps_v2_3/src -s include  "SHELL=CMD" "COMPILER=arm-none-eabi-gcc" "ARCHIVER=arm-none-eabi-ar" "COMPILER_FLAGS=  -O2 -c" "EXTRA_COMPILER_FLAGS=-mcpu=cortex-a9 -mfpu=vfpv3 -mfloat-abi=hard -nostartfiles -Wall -Wextra"
"Running Make include in ps7_cortexa9_0/libsrc/scugic_v3_8/src"
make -C ps7_cortexa9_0/libsrc/scugic_v3_8/src -s include  "SHELL=CMD" "COMPILER=arm-none-eabi-gcc" "ARCHIVER=arm-none-eabi-ar" "COMPILER_FLAGS=  -O2 -c" "EXTRA_COMPILER_FLAGS=-mcpu=cortex-a9 -mfpu=vfpv3 -mfloat-abi=hard -nostartfiles -Wall -Wextra"
"Running Make include in ps7_cortexa9_0/libsrc/scutimer_v2_1/src"
make -C ps7_cortexa9_0/libsrc/scutimer_v2_1/src -s include  "SHELL=CMD" "COMPILER=arm-none-eabi-gcc" "ARCHIVER=arm-none-eabi-ar" "COMPILER_FLAGS=  -O2 -c" "EXTRA_COMPILER_FLAGS=-mcpu=cortex-a9 -mfpu=vfpv3 -mfloat-abi=hard -nostartfiles -Wall -Wextra"
"Running Make include in ps7_cortexa9_0/libsrc/scuwdt_v2_1/src"
make -C ps7_cortexa9_0/libsrc/scuwdt_v2_1/src -s include  "SHELL=CMD" "COMPILER=arm-none-eabi-gcc" "ARCHIVER=arm-none-eabi-ar" "COMPILER_FLAGS=  -O2 -c" "EXTRA_COMPILER_FLAGS=-mcpu=cortex-a9 -mfpu=vfpv3 -mfloat-abi=hard -nostartfiles -Wall -Wextra"
"Running Make include in ps7_cortexa9_0/libsrc/sdps_v3_3/src"
make -C ps7_cortexa9_0/libsrc/sdps_v3_3/src -s include  "SHELL=CMD" "COMPILER=arm-none-eabi-gcc" "ARCHIVER=arm-none-eabi-ar" "COMPILER_FLAGS=  -O2 -c" "EXTRA_COMPILER_FLAGS=-mcpu=cortex-a9 -mfpu=vfpv3 -mfloat-abi=hard -nostartfiles -Wall -Wextra"
"Running Make include in ps7_cortexa9_0/libsrc/uartps_v3_5/src"
make -C ps7_cortexa9_0/libsrc/uartps_v3_5/src -s include  "SHELL=CMD" "COMPILER=arm-none-eabi-gcc" "ARCHIVER=arm-none-eabi-ar" "COMPILER_FLAGS=  -O2 -c" "EXTRA_COMPILER_FLAGS=-mcpu=cortex-a9 -mfpu=vfpv3 -mfloat-abi=hard -nostartfiles -Wall -Wextra"
"Running Make include in ps7_cortexa9_0/libsrc/xadcps_v2_2/src"
make -C ps7_cortexa9_0/libsrc/xadcps_v2_2/src -s include  "SHELL=CMD" "COMPILER=arm-none-eabi-gcc" "ARCHIVER=arm-none-eabi-ar" "COMPILER_FLAGS=  -O2 -c" "EXTRA_COMPILER_FLAGS=-mcpu=cortex-a9 -mfpu=vfpv3 -mfloat-abi=hard -nostartfiles -Wall -Wextra"
"Running Make libs in ps7_cortexa9_0/libsrc/axivdma_v6_4/src"
make -C ps7_cortexa9_0/libsrc/axivdma_v6_4/src -s libs  "SHELL=CMD" "COMPILER=arm-none-eabi-gcc" "ARCHIVER=arm-none-eabi-ar" "COMPILER_FLAGS=  -O2 -c" "EXTRA_COMPILER_FLAGS=-mcpu=cortex-a9 -mfpu=vfpv3 -mfloat-abi=hard -nostartfiles -Wall -Wextra"
"Compiling axivdma"
In file included from xaxivdma.h:317:0,
                 from xaxivdma.c:79:
xaxivdma_hw.h:81:23: fatal error: xil_types.h: No such file or directory
 #include "xil_types.h"
                       ^
compilation terminated.
In file included from xaxivdma_channel.c:83:0:
xaxivdma_hw.h:81:23: fatal error: xil_types.h: No such file or directory
 #include "xil_types.h"
                       ^
compilation terminated.
In file included from xaxivdma.h:317:0,
                 from xaxivdma_g.c:69:
xaxivdma_hw.h:81:23: fatal error: xil_types.h: No such file or directory
 #include "xil_types.h"
                       ^
compilation terminated.
In file included from xaxivdma.h:317:0,
                 from xaxivdma_intr.c:61:
xaxivdma_hw.h:81:23: fatal error: xil_types.h: No such file or directory
 #include "xil_types.h"
                       ^
compilation terminated.
xaxivdma_selftest.c:53:20: fatal error: xil_io.h: No such file or directory
 #include "xil_io.h"
                    ^
compilation terminated.
In file included from xaxivdma.h:317:0,
                 from xaxivdma_sinit.c:60:
xaxivdma_hw.h:81:23: fatal error: xil_types.h: No such file or directory
 #include "xil_types.h"
                       ^
compilation terminated.
make[1]: *** [libs] 错误 1
make: *** [ps7_cortexa9_0/libsrc/axivdma_v6_4/src/make.libs] 错误 2
"Running Make libs in ps7_cortexa9_0/libsrc/coresightps_dcc_v1_4/src"
make -C ps7_cortexa9_0/libsrc/coresightps_dcc_v1_4/src -s libs  "SHELL=CMD" "COMPILER=arm-none-eabi-gcc" "ARCHIVER=arm-none-eabi-ar" "COMPILER_FLAGS=  -O2 -c" "EXTRA_COMPILER_FLAGS=-mcpu=cortex-a9 -mfpu=vfpv3 -mfloat-abi=hard -nostartfiles -Wall -Wextra"
"Compiling coresightps_dcc"
xcoresightpsdcc.c:67:23: fatal error: xil_types.h: No such file or directory
 #include <xil_types.h>
                       ^
compilation terminated.
make[1]: *** [xcoresightpsdcc.o] 错误 1
make[1]: 由于错误目标“libs”并未重新创建。
make: *** [ps7_cortexa9_0/libsrc/coresightps_dcc_v1_4/src/make.libs] 错误 2
"Running Make libs in ps7_cortexa9_0/libsrc/cpu_cortexa9_v2_5/src"
make -C ps7_cortexa9_0/libsrc/cpu_cortexa9_v2_5/src -s libs  "SHELL=CMD" "COMPILER=arm-none-eabi-gcc" "ARCHIVER=arm-none-eabi-ar" "COMPILER_FLAGS=  -O2 -c" "EXTRA_COMPILER_FLAGS=-mcpu=cortex-a9 -mfpu=vfpv3 -mfloat-abi=hard -nostartfiles -Wall -Wextra"
"Compiling cpu_cortexa9"
"Running Make libs in ps7_cortexa9_0/libsrc/ddrps_v1_0/src"
make -C ps7_cortexa9_0/libsrc/ddrps_v1_0/src -s libs  "SHELL=CMD" "COMPILER=arm-none-eabi-gcc" "ARCHIVER=arm-none-eabi-ar" "COMPILER_FLAGS=  -O2 -c" "EXTRA_COMPILER_FLAGS=-mcpu=cortex-a9 -mfpu=vfpv3 -mfloat-abi=hard -nostartfiles -Wall -Wextra"
"Compiling ddrps"
arm-none-eabi-ar: creating ../../../lib/libxil.a
"Running Make libs in ps7_cortexa9_0/libsrc/devcfg_v3_5/src"
make -C ps7_cortexa9_0/libsrc/devcfg_v3_5/src -s libs  "SHELL=CMD" "COMPILER=arm-none-eabi-gcc" "ARCHIVER=arm-none-eabi-ar" "COMPILER_FLAGS=  -O2 -c" "EXTRA_COMPILER_FLAGS=-mcpu=cortex-a9 -mfpu=vfpv3 -mfloat-abi=hard -nostartfiles -Wall -Wextra"
"Compiling devcfg"
In file included from xdevcfg.h:170:0,
                 from xdevcfg.c:92:
xdevcfg_hw.h:67:23: fatal error: xil_types.h: No such file or directory
 #include "xil_types.h"
                       ^
compilation terminated.
make[1]: *** [xdevcfg.o] 错误 1
In file included from xdevcfg.h:170:0,
                 from xdevcfg_g.c:55:
xdevcfg_hw.h:67:23: fatal error: xil_types.h: No such file or directory
 #include "xil_types.h"
                       ^
compilation terminated.
make[1]: *** [xdevcfg_g.o] 错误 1
In file included from xdevcfg_hw.c:52:0:
xdevcfg_hw.h:67:23: fatal error: xil_types.h: No such file or directory
 #include "xil_types.h"
                       ^
compilation terminated.
make[1]: *** [xdevcfg_hw.o] 错误 1
In file included from xdevcfg.h:170:0,
                 from xdevcfg_intr.c:57:
xdevcfg_hw.h:67:23: fatal error: xil_types.h: No such file or directory
 #include "xil_types.h"
                       ^
compilation terminated.
make[1]: *** [xdevcfg_intr.o] 错误 1
In file included from xdevcfg.h:170:0,
                 from xdevcfg_selftest.c:56:
xdevcfg_hw.h:67:23: fatal error: xil_types.h: No such file or directory
 #include "xil_types.h"
                       ^
compilation terminated.
make[1]: *** [xdevcfg_selftest.o] 错误 1
In file included from xdevcfg.h:170:0,
                 from xdevcfg_sinit.c:55:
xdevcfg_hw.h:67:23: fatal error: xil_types.h: No such file or directory
 #include "xil_types.h"
                       ^
compilation terminated.
make[1]: *** [xdevcfg_sinit.o] 错误 1
make[1]: 由于错误目标“libs”并未重新创建。
make: *** [ps7_cortexa9_0/libsrc/devcfg_v3_5/src/make.libs] 错误 2
"Running Make libs in ps7_cortexa9_0/libsrc/dmaps_v2_3/src"
make -C ps7_cortexa9_0/libsrc/dmaps_v2_3/src -s libs  "SHELL=CMD" "COMPILER=arm-none-eabi-gcc" "ARCHIVER=arm-none-eabi-ar" "COMPILER_FLAGS=  -O2 -c" "EXTRA_COMPILER_FLAGS=-mcpu=cortex-a9 -mfpu=vfpv3 -mfloat-abi=hard -nostartfiles -Wall -Wextra"
"Compiling dmaps"
xdmaps.c:81:21: fatal error: xstatus.h: No such file or directory
 #include "xstatus.h"
                     ^
compilation terminated.
make[1]: *** [xdmaps.o] 错误 1
xdmaps_g.c:54:25: fatal error: xparameters.h: No such file or directory
 #include "xparameters.h"
                         ^
compilation terminated.
make[1]: *** [xdmaps_g.o] 错误 1
In file included from xdmaps_hw.c:53:0:
xdmaps_hw.h:66:23: fatal error: xil_types.h: No such file or directory
 #include "xil_types.h"
                       ^
compilation terminated.
make[1]: *** [xdmaps_hw.o] 错误 1
xdmaps_selftest.c:53:21: fatal error: xstatus.h: No such file or directory
 #include "xstatus.h"
                     ^
compilation terminated.
make[1]: *** [xdmaps_selftest.o] 错误 1
xdmaps_sinit.c:54:21: fatal error: xstatus.h: No such file or directory
 #include "xstatus.h"
                     ^
compilation terminated.
make[1]: *** [xdmaps_sinit.o] 错误 1
make[1]: 由于错误目标“libs”并未重新创建。
make: *** [ps7_cortexa9_0/libsrc/dmaps_v2_3/src/make.libs] 错误 2
"Running Make libs in ps7_cortexa9_0/libsrc/lwip141_v2_0/src"
make -C ps7_cortexa9_0/libsrc/lwip141_v2_0/src -s libs  "SHELL=CMD" "COMPILER=arm-none-eabi-gcc" "ARCHIVER=arm-none-eabi-ar" "COMPILER_FLAGS=  -O2 -c" "EXTRA_COMPILER_FLAGS=-mcpu=cortex-a9 -mfpu=vfpv3 -mfloat-abi=hard -nostartfiles -Wall -Wextra"
"Compiling lwip src and adapter files"
In file included from lwip-1.4.1/src/core/init.c:43:0:
../../../include/lwip/sys.h:37:25: fatal error: xpseudo_asm.h: No such file or directory
 #include "xpseudo_asm.h"
                         ^
compilation terminated.
make[1]: *** [init.o] 错误 1
In file included from lwip-1.4.1/src/core/mem.c:62:0:
../../../include/lwip/sys.h:37:25: fatal error: xpseudo_asm.h: No such file or directory
 #include "xpseudo_asm.h"
                         ^
compilation terminated.
make[1]: *** [mem.o] 错误 1
In file included from ../../../include/lwip/api.h:42:0,
                 from lwip-1.4.1/src/core/memp.c:49:
../../../include/lwip/sys.h:37:25: fatal error: xpseudo_asm.h: No such file or directory
 #include "xpseudo_asm.h"
                         ^
compilation terminated.
make[1]: *** [memp.o] 错误 1
In file included from lwip-1.4.1/src/core/pbuf.c:71:0:
../../../include/lwip/sys.h:37:25: fatal error: xpseudo_asm.h: No such file or directory
 #include "xpseudo_asm.h"
                         ^
compilation terminated.
make[1]: *** [pbuf.o] 错误 1
In file included from lwip-1.4.1/src/core/timers.c:59:0:
../../../include/lwip/sys.h:37:25: fatal error: xpseudo_asm.h: No such file or directory
 #include "xpseudo_asm.h"
                         ^
compilation terminated.
make[1]: *** [timers.o] 错误 1
In file included from lwip-1.4.1/src/core/sys.c:41:0:
../../../include/lwip/sys.h:37:25: fatal error: xpseudo_asm.h: No such file or directory
 #include "xpseudo_asm.h"
                         ^
compilation terminated.
make[1]: *** [sys.o] 错误 1
In file included from ../../../include/lwip/ip.h:39:0,
                 from lwip-1.4.1/src/core/ipv4/ip.c:42:
lwip-1.4.1/src/core/ipv4/ip.c: In function 'ip_input':
../../../include/lwip/ip_addr.h:200:39: warning: the comparison will always evaluate as 'false' for the address of 'current_iphdr_src' will never be NULL [-Waddress]
 #define ip_addr_isany(addr1) ((addr1) == NULL || (addr1)->addr == IPADDR_ANY)
                                       ^
lwip-1.4.1/src/core/ipv4/ip.c:473:24: note: in expansion of macro 'ip_addr_isany'
   if (check_ip_src && !ip_addr_isany(&current_iphdr_src))
                        ^~~~~~~~~~~~~
In file included from lwip-1.4.1/src/core/tcp_out.c:54:0:
../../../include/lwip/sys.h:37:25: fatal error: xpseudo_asm.h: No such file or directory
 #include "xpseudo_asm.h"
                         ^
compilation terminated.
make[1]: *** [tcp_out.o] 错误 1
In file included from ../../../include/lwip/netif.h:41:0,
                 from ../../../include/lwip/udp.h:40,
                 from lwip-1.4.1/src/core/dhcp.c:75:
lwip-1.4.1/src/core/dhcp.c: In function 'dhcp_bind':
../../../include/lwip/ip_addr.h:200:39: warning: the comparison will always evaluate as 'false' for the address of 'gw_addr' will never be NULL [-Waddress]
 #define ip_addr_isany(addr1) ((addr1) == NULL || (addr1)->addr == IPADDR_ANY)
                                       ^
lwip-1.4.1/src/core/dhcp.c:987:7: note: in expansion of macro 'ip_addr_isany'
   if (ip_addr_isany(&gw_addr)) {
       ^~~~~~~~~~~~~
In file included from contrib/ports/xilinx/sys_arch_raw.c:45:0:
../../../include/lwip/sys.h:37:25: fatal error: xpseudo_asm.h: No such file or directory
 #include "xpseudo_asm.h"
                         ^
compilation terminated.
make[1]: *** [sys_arch_raw.o] 错误 1
contrib/ports/xilinx/netif/xpqueue.c:36:24: fatal error: xil_printf.h: No such file or directory
 #include "xil_printf.h"
                        ^
compilation terminated.
make[1]: *** [xpqueue.o] 错误 1
In file included from contrib/ports/xilinx/netif/xadapter.c:45:0:
../../../include/lwip/sys.h:37:25: fatal error: xpseudo_asm.h: No such file or directory
 #include "xpseudo_asm.h"
                         ^
compilation terminated.
make[1]: *** [xadapter.o] 错误 1
make[1]: *** 没有规则可以创建“liblwip4.a”.需要的目标“xtopology_g.o”
make[1]: 由于错误目标“libs”并未重新创建。
make: *** [ps7_cortexa9_0/libsrc/lwip141_v2_0/src/make.libs] 错误 2
"Running Make libs in ps7_cortexa9_0/libsrc/nandps_v2_3/src"
make -C ps7_cortexa9_0/libsrc/nandps_v2_3/src -s libs  "SHELL=CMD" "COMPILER=arm-none-eabi-gcc" "ARCHIVER=arm-none-eabi-ar" "COMPILER_FLAGS=  -O2 -c" "EXTRA_COMPILER_FLAGS=-mcpu=cortex-a9 -mfpu=vfpv3 -mfloat-abi=hard -nostartfiles -Wall -Wextra"
"Compiling nandps"
In file included from xnandps.c:86:0:
xnandps.h:194:23: fatal error: xil_types.h: No such file or directory
 #include "xil_types.h"
                       ^
compilation terminated.
make[1]: *** [xnandps.o] 错误 1
xnandps_bbm.c:56:23: fatal error: xil_types.h: No such file or directory
 #include "xil_types.h"
                       ^
compilation terminated.
make[1]: *** [xnandps_bbm.o] 错误 1
In file included from xnandps_g.c:59:0:
xnandps.h:194:23: fatal error: xil_types.h: No such file or directory
 #include "xil_types.h"
                       ^
compilation terminated.
make[1]: *** [xnandps_g.o] 错误 1
In file included from xnandps_onfi.h:72:0,
                 from xnandps_onfi.c:63:
xnandps.h:194:23: fatal error: xil_types.h: No such file or directory
 #include "xil_types.h"
                       ^
compilation terminated.
make[1]: *** [xnandps_onfi.o] 错误 1
xnandps_sinit.c:57:25: fatal error: xparameters.h: No such file or directory
 #include "xparameters.h"
                         ^
compilation terminated.
make[1]: *** [xnandps_sinit.o] 错误 1
make[1]: 由于错误目标“libs”并未重新创建。
make: *** [ps7_cortexa9_0/libsrc/nandps_v2_3/src/make.libs] 错误 2
"Running Make libs in ps7_cortexa9_0/libsrc/scugic_v3_8/src"
make -C ps7_cortexa9_0/libsrc/scugic_v3_8/src -s libs  "SHELL=CMD" "COMPILER=arm-none-eabi-gcc" "ARCHIVER=arm-none-eabi-ar" "COMPILER_FLAGS=  -O2 -c" "EXTRA_COMPILER_FLAGS=-mcpu=cortex-a9 -mfpu=vfpv3 -mfloat-abi=hard -nostartfiles -Wall -Wextra"
"Compiling scugic"
xscugic.c:123:23: fatal error: xil_types.h: No such file or directory
 #include "xil_types.h"
                       ^
compilation terminated.
make[1]: *** [xscugic.o] 错误 1
In file included from xscugic_g.c:63:0:
xscugic.h:193:21: fatal error: xstatus.h: No such file or directory
 #include "xstatus.h"
                     ^
compilation terminated.
make[1]: *** [xscugic_g.o] 错误 1
xscugic_hw.c:76:23: fatal error: xil_types.h: No such file or directory
 #include "xil_types.h"
                       ^
compilation terminated.
make[1]: *** [xscugic_hw.o] 错误 1
xscugic_intr.c:81:23: fatal error: xil_types.h: No such file or directory
 #include "xil_types.h"
                       ^
compilation terminated.
make[1]: *** [xscugic_intr.o] 错误 1
xscugic_selftest.c:54:23: fatal error: xil_types.h: No such file or directory
 #include "xil_types.h"
                       ^
compilation terminated.
make[1]: *** [xscugic_selftest.o] 错误 1
xscugic_sinit.c:56:23: fatal error: xil_types.h: No such file or directory
 #include "xil_types.h"
                       ^
compilation terminated.
make[1]: *** [xscugic_sinit.o] 错误 1
make[1]: 由于错误目标“libs”并未重新创建。
make: *** [ps7_cortexa9_0/libsrc/scugic_v3_8/src/make.libs] 错误 2
"Running Make libs in ps7_cortexa9_0/libsrc/scutimer_v2_1/src"
make -C ps7_cortexa9_0/libsrc/scutimer_v2_1/src -s libs  "SHELL=CMD" "COMPILER=arm-none-eabi-gcc" "ARCHIVER=arm-none-eabi-ar" "COMPILER_FLAGS=  -O2 -c" "EXTRA_COMPILER_FLAGS=-mcpu=cortex-a9 -mfpu=vfpv3 -mfloat-abi=hard -nostartfiles -Wall -Wextra"
"Compiling scutimer"
In file included from xscutimer.c:55:0:
xscutimer.h:116:21: fatal error: xstatus.h: No such file or directory
 #include "xstatus.h"
                     ^
compilation terminated.
make[1]: *** [xscutimer.o] 错误 1
In file included from xscutimer_g.c:55:0:
xscutimer.h:116:21: fatal error: xstatus.h: No such file or directory
 #include "xstatus.h"
                     ^
compilation terminated.
make[1]: *** [xscutimer_g.o] 错误 1
In file included from xscutimer_selftest.c:54:0:
xscutimer.h:116:21: fatal error: xstatus.h: No such file or directory
 #include "xstatus.h"
                     ^
compilation terminated.
make[1]: *** [xscutimer_selftest.o] 错误 1
In file included from xscutimer_sinit.c:55:0:
xscutimer.h:116:21: fatal error: xstatus.h: No such file or directory
 #include "xstatus.h"
                     ^
compilation terminated.
make[1]: *** [xscutimer_sinit.o] 错误 1
make[1]: 由于错误目标“libs”并未重新创建。
make: *** [ps7_cortexa9_0/libsrc/scutimer_v2_1/src/make.libs] 错误 2
"Running Make libs in ps7_cortexa9_0/libsrc/scuwdt_v2_1/src"
make -C ps7_cortexa9_0/libsrc/scuwdt_v2_1/src -s libs  "SHELL=CMD" "COMPILER=arm-none-eabi-gcc" "ARCHIVER=arm-none-eabi-ar" "COMPILER_FLAGS=  -O2 -c" "EXTRA_COMPILER_FLAGS=-mcpu=cortex-a9 -mfpu=vfpv3 -mfloat-abi=hard -nostartfiles -Wall -Wextra"
"Compiling scuwdt"
In file included from xscuwdt.c:56:0:
xscuwdt.h:138:21: fatal error: xstatus.h: No such file or directory
 #include "xstatus.h"
                     ^
compilation terminated.
make[1]: *** [xscuwdt.o] 错误 1
In file included from xscuwdt_g.c:56:0:
xscuwdt.h:138:21: fatal error: xstatus.h: No such file or directory
 #include "xstatus.h"
                     ^
compilation terminated.
make[1]: *** [xscuwdt_g.o] 错误 1
In file included from xscuwdt_selftest.c:54:0:
xscuwdt.h:138:21: fatal error: xstatus.h: No such file or directory
 #include "xstatus.h"
                     ^
compilation terminated.
make[1]: *** [xscuwdt_selftest.o] 错误 1
In file included from xscuwdt_sinit.c:55:0:
xscuwdt.h:138:21: fatal error: xstatus.h: No such file or directory
 #include "xstatus.h"
                     ^
compilation terminated.
make[1]: *** [xscuwdt_sinit.o] 错误 1
make[1]: 由于错误目标“libs”并未重新创建。
make: *** [ps7_cortexa9_0/libsrc/scuwdt_v2_1/src/make.libs] 错误 2
"Running Make libs in ps7_cortexa9_0/libsrc/sdps_v3_3/src"
make -C ps7_cortexa9_0/libsrc/sdps_v3_3/src -s libs  "SHELL=CMD" "COMPILER=arm-none-eabi-gcc" "ARCHIVER=arm-none-eabi-ar" "COMPILER_FLAGS=  -O2 -c" "EXTRA_COMPILER_FLAGS=-mcpu=cortex-a9 -mfpu=vfpv3 -mfloat-abi=hard -nostartfiles -Wall -Wextra"
"Compiling sdps"
In file included from xsdps.c:95:0:
xsdps.h:165:24: fatal error: xil_printf.h: No such file or directory
 #include "xil_printf.h"
                        ^
compilation terminated.
make[1]: *** [xsdps.o] 错误 1
xsdps_g.c:55:25: fatal error: xparameters.h: No such file or directory
 #include "xparameters.h"
                         ^
compilation terminated.
make[1]: *** [xsdps_g.o] 错误 1
In file included from xsdps_options.c:83:0:
xsdps.h:165:24: fatal error: xil_printf.h: No such file or directory
 #include "xil_printf.h"
                        ^
compilation terminated.
make[1]: *** [xsdps_options.o] 错误 1
xsdps_sinit.c:55:21: fatal error: xstatus.h: No such file or directory
 #include "xstatus.h"
                     ^
compilation terminated.
make[1]: *** [xsdps_sinit.o] 错误 1
make[1]: 由于错误目标“libs”并未重新创建。
make: *** [ps7_cortexa9_0/libsrc/sdps_v3_3/src/make.libs] 错误 2
"Running Make libs in ps7_cortexa9_0/libsrc/uartps_v3_5/src"
make -C ps7_cortexa9_0/libsrc/uartps_v3_5/src -s libs  "SHELL=CMD" "COMPILER=arm-none-eabi-gcc" "ARCHIVER=arm-none-eabi-ar" "COMPILER_FLAGS=  -O2 -c" "EXTRA_COMPILER_FLAGS=-mcpu=cortex-a9 -mfpu=vfpv3 -mfloat-abi=hard -nostartfiles -Wall -Wextra"
"Compiling uartps"
xuartps.c:59:21: fatal error: xstatus.h: No such file or directory
 #include "xstatus.h"
                     ^
compilation terminated.
make[1]: *** [xuartps.o] 错误 1
xuartps_g.c:56:25: fatal error: xparameters.h: No such file or directory
 #include "xparameters.h"
                         ^
compilation terminated.
make[1]: *** [xuartps_g.o] 错误 1
In file included from xuartps_hw.c:53:0:
xuartps_hw.h:71:23: fatal error: xil_types.h: No such file or directory
 #include "xil_types.h"
                       ^
compilation terminated.
make[1]: *** [xuartps_hw.o] 错误 1
In file included from xuartps_intr.c:55:0:
xuartps.h:185:23: fatal error: xil_types.h: No such file or directory
 #include "xil_types.h"
                       ^
compilation terminated.
make[1]: *** [xuartps_intr.o] 错误 1
In file included from xuartps_options.c:58:0:
xuartps.h:185:23: fatal error: xil_types.h: No such file or directory
 #include "xil_types.h"
                       ^
compilation terminated.
make[1]: *** [xuartps_options.o] 错误 1
xuartps_selftest.c:54:21: fatal error: xstatus.h: No such file or directory
 #include "xstatus.h"
                     ^
compilation terminated.
make[1]: *** [xuartps_selftest.o] 错误 1
xuartps_sinit.c:55:21: fatal error: xstatus.h: No such file or directory
 #include "xstatus.h"
                     ^
compilation terminated.
make[1]: *** [xuartps_sinit.o] 错误 1
make[1]: 由于错误目标“libs”并未重新创建。
make: *** [ps7_cortexa9_0/libsrc/uartps_v3_5/src/make.libs] 错误 2
"Running Make libs in ps7_cortexa9_0/libsrc/xadcps_v2_2/src"
make -C ps7_cortexa9_0/libsrc/xadcps_v2_2/src -s libs  "SHELL=CMD" "COMPILER=arm-none-eabi-gcc" "ARCHIVER=arm-none-eabi-ar" "COMPILER_FLAGS=  -O2 -c" "EXTRA_COMPILER_FLAGS=-mcpu=cortex-a9 -mfpu=vfpv3 -mfloat-abi=hard -nostartfiles -Wall -Wextra"
"Compiling xadcps"
In file included from xadcps.c:66:0:
xadcps.h:195:23: fatal error: xil_types.h: No such file or directory
 #include "xil_types.h"
                       ^
compilation terminated.
make[1]: *** [xadcps.o] 错误 1
In file included from xadcps_g.c:61:0:
xadcps.h:195:23: fatal error: xil_types.h: No such file or directory
 #include "xil_types.h"
                       ^
compilation terminated.
make[1]: *** [xadcps_g.o] 错误 1
In file included from xadcps_intr.c:67:0:
xadcps.h:195:23: fatal error: xil_types.h: No such file or directory
 #include "xil_types.h"
                       ^
compilation terminated.
make[1]: *** [xadcps_intr.o] 错误 1
In file included from xadcps_selftest.c:61:0:
xadcps.h:195:23: fatal error: xil_types.h: No such file or directory
 #include "xil_types.h"
                       ^
compilation terminated.
make[1]: *** [xadcps_selftest.o] 错误 1
xadcps_sinit.c:58:25: fatal error: xparameters.h: No such file or directory
 #include "xparameters.h"
                         ^
compilation terminated.
make[1]: *** [xadcps_sinit.o] 错误 1
make[1]: 由于错误目标“libs”并未重新创建。
make: *** [ps7_cortexa9_0/libsrc/xadcps_v2_2/src/make.libs] 错误 2
make: 由于错误目标“all”并未重新创建。

01:06:13 Build Finished (took 17s.709ms)

