#-----------------------------------------------------------
# Vivado v2017.4 (64-bit)
# SW Build 2086221 on Fri Dec 15 20:55:39 MST 2017
# IP Build 2085800 on Fri Dec 15 22:25:07 MST 2017
# Start of session at: Sun Aug 16 15:53:04 2020
# Process ID: 6116
# Current directory: D:/BaiduNetdiskDownload/P10_SD_VGA_m/IP_REPO/VIP/VIP/VIP/sim/verilog
# Command line: vivado.exe -source open_wave.tcl
# Log file: D:/BaiduNetdiskDownload/P10_SD_VGA_m/IP_REPO/VIP/VIP/VIP/sim/verilog/vivado.log
# Journal file: D:/BaiduNetdiskDownload/P10_SD_VGA_m/IP_REPO/VIP/VIP/VIP/sim/verilog\vivado.jou
#-----------------------------------------------------------
start_gui
source open_wave.tcl
# current_fileset
INFO: [IP_Flow 19-234] Refreshing IP repositories
INFO: [IP_Flow 19-1704] No user IP repositories specified
INFO: [IP_Flow 19-2313] Loaded Vivado IP repository 'D:/Xilinx/Vivado/2017.4/data/ip'.
current_fileset: Time (s): cpu = 00:00:06 ; elapsed = 00:00:07 . Memory (MB): peak = 745.148 ; gain = 45.043
# open_wave_database vip1_m.wdb
open_wave_config D:/BaiduNetdiskDownload/P10_SD_VGA_m/IP_REPO/VIP/VIP/VIP/sim/verilog/vip1_m.wcfg
open_wave_config: Time (s): cpu = 00:00:03 ; elapsed = 00:00:39 . Memory (MB): peak = 756.922 ; gain = 8.188
open_wave_database: Time (s): cpu = 00:00:04 ; elapsed = 00:00:40 . Memory (MB): peak = 756.922 ; gain = 11.773
close_sim
INFO: [Simtcl 6-16] Simulation closed
exit
INFO: [Common 17-206] Exiting Vivado at Sun Aug 16 23:35:16 2020...
