#-----------------------------------------------------------
# Vivado v2017.4 (64-bit)
# SW Build 2086221 on Fri Dec 15 20:55:39 MST 2017
# IP Build 2085800 on Fri Dec 15 22:25:07 MST 2017
# Start of session at: Mon Aug 17 00:29:38 2020
# Process ID: 6000
# Current directory: D:/BaiduNetdiskDownload/P10_SD_VGA_m/IP_REPO/VIP/VIP/VIP/sim/verilog
# Command line: vivado.exe -source open_wave.tcl
# Log file: D:/BaiduNetdiskDownload/P10_SD_VGA_m/IP_REPO/VIP/VIP/VIP/sim/verilog/vivado.log
# Journal file: D:/BaiduNetdiskDownload/P10_SD_VGA_m/IP_REPO/VIP/VIP/VIP/sim/verilog\vivado.jou
#-----------------------------------------------------------
start_gui
source open_wave.tcl
# current_fileset
INFO: [IP_Flow 19-234] Refreshing IP repositories
INFO: [IP_Flow 19-1704] No user IP repositories specified
INFO: [IP_Flow 19-2313] Loaded Vivado IP repository 'D:/Xilinx/Vivado/2017.4/data/ip'.
# open_wave_database vip1_m.wdb
open_wave_config D:/BaiduNetdiskDownload/P10_SD_VGA_m/IP_REPO/VIP/VIP/VIP/sim/verilog/vip1_m.wcfg
open_wave_config: Time (s): cpu = 00:00:03 ; elapsed = 00:01:09 . Memory (MB): peak = 705.246 ; gain = 1.473
open_wave_database: Time (s): cpu = 00:00:05 ; elapsed = 00:01:11 . Memory (MB): peak = 705.246 ; gain = 1.473
close_sim
INFO: [Simtcl 6-16] Simulation closed
exit
INFO: [Common 17-206] Exiting Vivado at Mon Aug 17 01:38:27 2020...
