

================================================================
== Vivado HLS Report for 'AXIvideo2Mat'
================================================================
* Date:           Sun Aug 16 08:57:30 2020

* Version:        2017.4 (Build 2086221 on Fri Dec 15 21:13:33 MST 2017)
* Project:        VIP
* Solution:       VIP
* Product family: zynq
* Target device:  xc7z010clg400-1


================================================================
== Performance Estimates
================================================================
+ Timing (ns): 
    * Summary: 
    +--------+-------+----------+------------+
    |  Clock | Target| Estimated| Uncertainty|
    +--------+-------+----------+------------+
    |ap_clk  |  10.00|      5.40|        1.25|
    +--------+-------+----------+------------+

+ Latency (clock cycles): 
    * Summary: 
    +--------+--------+--------+--------+---------+
    |     Latency     |     Interval    | Pipeline|
    |   min  |   max  |   min  |   max  |   Type  |
    +--------+--------+--------+--------+---------+
    |  310563|  310563|  310563|  310563|   none  |
    +--------+--------+--------+--------+---------+

    + Detail: 
        * Instance: 
        N/A

        * Loop: 
        +-----------------------+--------+--------+----------+-----------+-----------+------+----------+
        |                       |     Latency     | Iteration|  Initiation Interval  | Trip |          |
        |       Loop Name       |   min  |   max  |  Latency |  achieved |   target  | Count| Pipelined|
        +-----------------------+--------+--------+----------+-----------+-----------+------+----------+
        |- loop_wait_for_start  |       0|       0|         1|          1|          1|     0|    yes   |
        |- loop_height          |  310560|  310560|       647|          -|          -|   480|    no    |
        | + loop_width          |     641|     641|         2|          1|          1|   640|    yes   |
        | + loop_wait_for_eol   |       1|       1|         2|          1|          1|     0|    yes   |
        +-----------------------+--------+--------+----------+-----------+-----------+------+----------+

============================================================
+ Verbose Summary: Synthesis Manager
============================================================
InlineROM: 1
ExposeGlobal: 0
============================================================
+ Verbose Summary: CDFG Model
============================================================
IsTopModel: 0
ResetActiveHigh: 1
IsCombinational: 2
IsDatapathOnly: 0
HasWiredReturn: 1
HasMFsm: 0
HasVarLatency: 1
IsPipeline: 0
IsRtlPipelined: 0
IsInstanceOverlapped: 0
IsDontTouch: 0
HasImplIP: 0
IsGatedGlobalClock: 0

+ Individual pipeline summary: 
  * Pipeline-0: initiation interval (II) = 1, depth = 1
  * Pipeline-1: initiation interval (II) = 1, depth = 2
  * Pipeline-2: initiation interval (II) = 1, depth = 2


============================================================
+ Verbose Summary: Schedule
============================================================
* Number of FSM states : 10
* Pipeline : 3
  Pipeline-0 : II = 1, D = 1, States = { 2 }
  Pipeline-1 : II = 1, D = 2, States = { 5 6 }
  Pipeline-2 : II = 1, D = 2, States = { 8 9 }
* Dataflow Pipeline: 0

* FSM state transitions: 
1 --> 
	2  / true
2 --> 
	3  / (tmp_user_V)
	2  / (!tmp_user_V)
3 --> 
	4  / true
4 --> 
	5  / (!exitcond2)
5 --> 
	6  / true
6 --> 
	7  / (exitcond)
	5  / (!exitcond)
7 --> 
	8  / true
8 --> 
	9  / true
9 --> 
	10  / (eol_2)
	8  / (!eol_2)
10 --> 
	4  / true

* FSM state operations: 

 <State 1> : 0.00ns
ST_1 : Operation 11 [1/1] (0.00ns)   --->   "call void (...)* @_ssdm_op_SpecInterface(i8* %img_data_stream_2_V, [8 x i8]* @ap_fifo_str, i32 0, i32 0, [1 x i8]* @p_str, i32 0, i32 0, [1 x i8]* @p_str, [1 x i8]* @p_str, [1 x i8]* @p_str, i32 2, i32 2, i32 16, i32 16, [1 x i8]* @p_str, [1 x i8]* @p_str)"
ST_1 : Operation 12 [1/1] (0.00ns)   --->   "call void (...)* @_ssdm_op_SpecInterface(i8* %img_data_stream_1_V, [8 x i8]* @ap_fifo_str, i32 0, i32 0, [1 x i8]* @p_str, i32 0, i32 0, [1 x i8]* @p_str, [1 x i8]* @p_str, [1 x i8]* @p_str, i32 2, i32 2, i32 16, i32 16, [1 x i8]* @p_str, [1 x i8]* @p_str)"
ST_1 : Operation 13 [1/1] (0.00ns)   --->   "call void (...)* @_ssdm_op_SpecInterface(i8* %img_data_stream_0_V, [8 x i8]* @ap_fifo_str, i32 0, i32 0, [1 x i8]* @p_str, i32 0, i32 0, [1 x i8]* @p_str, [1 x i8]* @p_str, [1 x i8]* @p_str, i32 2, i32 2, i32 16, i32 16, [1 x i8]* @p_str, [1 x i8]* @p_str)"
ST_1 : Operation 14 [1/1] (0.00ns)   --->   "call void (...)* @_ssdm_op_SpecInterface(i24* %AXI_video_strm_V_data_V, i3* %AXI_video_strm_V_keep_V, i3* %AXI_video_strm_V_strb_V, i1* %AXI_video_strm_V_user_V, i1* %AXI_video_strm_V_last_V, i1* %AXI_video_strm_V_id_V, i1* %AXI_video_strm_V_dest_V, [5 x i8]* @p_str2, i32 1, i32 1, [5 x i8]* @p_str3, i32 0, i32 0, [1 x i8]* @p_str, [1 x i8]* @p_str, [1 x i8]* @p_str, i32 0, i32 0, i32 0, i32 0, [1 x i8]* @p_str, [1 x i8]* @p_str) nounwind"
ST_1 : Operation 15 [1/1] (0.00ns)   --->   "br label %._crit_edge1" [D:/Xilinx/Vivado/2017.4/common/technology/autopilot/hls/hls_video_io.h:63]

 <State 2> : 0.00ns
ST_2 : Operation 16 [1/1] (0.00ns)   --->   "call void (...)* @_ssdm_op_SpecLoopName([20 x i8]* @p_str41) nounwind" [D:/Xilinx/Vivado/2017.4/common/technology/autopilot/hls/hls_video_io.h:65]
ST_2 : Operation 17 [1/1] (0.00ns)   --->   "%tmp = call i32 (...)* @_ssdm_op_SpecRegionBegin([20 x i8]* @p_str41)" [D:/Xilinx/Vivado/2017.4/common/technology/autopilot/hls/hls_video_io.h:65]
ST_2 : Operation 18 [1/1] (0.00ns)   --->   "call void (...)* @_ssdm_op_SpecPipeline(i32 1, i32 1, i32 1, i32 0, [1 x i8]* @p_str) nounwind" [D:/Xilinx/Vivado/2017.4/common/technology/autopilot/hls/hls_video_io.h:66]
ST_2 : Operation 19 [1/1] (0.00ns)   --->   "call void (...)* @_ssdm_op_SpecLoopTripCount(i32 0, i32 0, i32 0, [1 x i8]* @p_str) nounwind" [D:/Xilinx/Vivado/2017.4/common/technology/autopilot/hls/hls_video_io.h:67]
ST_2 : Operation 20 [1/1] (0.00ns)   --->   "%empty = call { i24, i3, i3, i1, i1, i1, i1 } @_ssdm_op_Read.axis.volatile.i24P.i3P.i3P.i1P.i1P.i1P.i1P(i24* %AXI_video_strm_V_data_V, i3* %AXI_video_strm_V_keep_V, i3* %AXI_video_strm_V_strb_V, i1* %AXI_video_strm_V_user_V, i1* %AXI_video_strm_V_last_V, i1* %AXI_video_strm_V_id_V, i1* %AXI_video_strm_V_dest_V)" [D:/Xilinx/Vivado/2017.4/common/technology/autopilot/hls/hls_video_io.h:68]   --->   Core 5 'AXI4Stream' <Latency = 0> <II = 1> <Delay = 1.00> <Adapter> <Opcode : >
ST_2 : Operation 21 [1/1] (0.00ns)   --->   "%tmp_data_V = extractvalue { i24, i3, i3, i1, i1, i1, i1 } %empty, 0" [D:/Xilinx/Vivado/2017.4/common/technology/autopilot/hls/hls_video_io.h:68]
ST_2 : Operation 22 [1/1] (0.00ns)   --->   "%tmp_user_V = extractvalue { i24, i3, i3, i1, i1, i1, i1 } %empty, 3" [D:/Xilinx/Vivado/2017.4/common/technology/autopilot/hls/hls_video_io.h:68]
ST_2 : Operation 23 [1/1] (0.00ns)   --->   "%tmp_last_V = extractvalue { i24, i3, i3, i1, i1, i1, i1 } %empty, 4" [D:/Xilinx/Vivado/2017.4/common/technology/autopilot/hls/hls_video_io.h:68]
ST_2 : Operation 24 [1/1] (0.00ns)   --->   "%empty_43 = call i32 (...)* @_ssdm_op_SpecRegionEnd([20 x i8]* @p_str41, i32 %tmp)" [D:/Xilinx/Vivado/2017.4/common/technology/autopilot/hls/hls_video_io.h:70]
ST_2 : Operation 25 [1/1] (0.00ns)   --->   "br i1 %tmp_user_V, label %.preheader186.preheader, label %._crit_edge1" [D:/Xilinx/Vivado/2017.4/common/technology/autopilot/hls/hls_video_io.h:65]

 <State 3> : 1.77ns
ST_3 : Operation 26 [1/1] (0.00ns)   --->   "%sof_1 = alloca i1"
ST_3 : Operation 27 [1/1] (1.76ns)   --->   "store i1 true, i1* %sof_1"
ST_3 : Operation 28 [1/1] (1.76ns)   --->   "br label %.preheader186" [D:/Xilinx/Vivado/2017.4/common/technology/autopilot/hls/hls_video_io.h:71]

 <State 4> : 2.59ns
ST_4 : Operation 29 [1/1] (0.00ns)   --->   "%axi_last_V1 = phi i1 [ %axi_last_V_3, %5 ], [ %tmp_last_V, %.preheader186.preheader ]"
ST_4 : Operation 30 [1/1] (0.00ns)   --->   "%axi_data_V1 = phi i24 [ %axi_data_V_3, %5 ], [ %tmp_data_V, %.preheader186.preheader ]"
ST_4 : Operation 31 [1/1] (0.00ns)   --->   "%t_V = phi i9 [ %i_V, %5 ], [ 0, %.preheader186.preheader ]"
ST_4 : Operation 32 [1/1] (1.66ns)   --->   "%exitcond2 = icmp eq i9 %t_V, -32" [D:/Xilinx/Vivado/2017.4/common/technology/autopilot/hls/hls_video_io.h:71]   --->   Core 25 'Cmp' <Latency = 0> <II = 1> <Delay = 1.66> <FuncUnit> <Opcode : 'icmp'> <InPorts = 2> <OutPorts = 1>
ST_4 : Operation 33 [1/1] (1.93ns)   --->   "%i_V = add i9 %t_V, 1" [D:/Xilinx/Vivado/2017.4/common/technology/autopilot/hls/hls_video_io.h:71]   --->   Core 14 'AddSub' <Latency = 0> <II = 1> <Delay = 1.93> <FuncUnit> <Opcode : 'add' 'sub'> <InPorts = 2> <OutPorts = 1>
ST_4 : Operation 34 [1/1] (0.00ns)   --->   "call void (...)* @_ssdm_op_SpecLoopTripCount(i64 480, i64 480, i64 480)"
ST_4 : Operation 35 [1/1] (0.00ns)   --->   "br i1 %exitcond2, label %6, label %0" [D:/Xilinx/Vivado/2017.4/common/technology/autopilot/hls/hls_video_io.h:71]
ST_4 : Operation 36 [1/1] (0.00ns)   --->   "call void (...)* @_ssdm_op_SpecLoopName([12 x i8]* @p_str16) nounwind" [D:/Xilinx/Vivado/2017.4/common/technology/autopilot/hls/hls_video_io.h:71]
ST_4 : Operation 37 [1/1] (0.00ns)   --->   "%tmp_s = call i32 (...)* @_ssdm_op_SpecRegionBegin([12 x i8]* @p_str16)" [D:/Xilinx/Vivado/2017.4/common/technology/autopilot/hls/hls_video_io.h:71]
ST_4 : Operation 38 [1/1] (1.76ns)   --->   "br label %1" [D:/Xilinx/Vivado/2017.4/common/technology/autopilot/hls/hls_video_io.h:73]
ST_4 : Operation 39 [1/1] (0.00ns)   --->   "ret void"

 <State 5> : 2.70ns
ST_5 : Operation 40 [1/1] (0.00ns)   --->   "%t_V_2 = phi i10 [ 0, %0 ], [ %j_V, %._crit_edge2 ]"
ST_5 : Operation 41 [1/1] (0.00ns)   --->   "%eol = phi i1 [ false, %0 ], [ %axi_last_V_2, %._crit_edge2 ]" [D:/Xilinx/Vivado/2017.4/common/technology/autopilot/hls/hls_video_io.h:81]
ST_5 : Operation 42 [1/1] (1.77ns)   --->   "%exitcond = icmp eq i10 %t_V_2, -384" [D:/Xilinx/Vivado/2017.4/common/technology/autopilot/hls/hls_video_io.h:73]   --->   Core 25 'Cmp' <Latency = 0> <II = 1> <Delay = 1.66> <FuncUnit> <Opcode : 'icmp'> <InPorts = 2> <OutPorts = 1>
ST_5 : Operation 43 [1/1] (1.95ns)   --->   "%j_V = add i10 %t_V_2, 1" [D:/Xilinx/Vivado/2017.4/common/technology/autopilot/hls/hls_video_io.h:73]   --->   Core 14 'AddSub' <Latency = 0> <II = 1> <Delay = 1.93> <FuncUnit> <Opcode : 'add' 'sub'> <InPorts = 2> <OutPorts = 1>
ST_5 : Operation 44 [1/1] (0.00ns)   --->   "%sof_1_load = load i1* %sof_1" [D:/Xilinx/Vivado/2017.4/common/technology/autopilot/hls/hls_video_io.h:76]
ST_5 : Operation 45 [1/1] (0.93ns)   --->   "%brmerge = or i1 %sof_1_load, %eol" [D:/Xilinx/Vivado/2017.4/common/technology/autopilot/hls/hls_video_io.h:76]   --->   Core 27 'LogicGate' <Latency = 0> <II = 1> <Delay = 0.93> <FuncUnit> <Opcode : 'and' 'or' 'xor'> <InPorts = 2> <OutPorts = 1>
ST_5 : Operation 46 [2/2] (0.00ns)   --->   "%empty_44 = call { i24, i3, i3, i1, i1, i1, i1 } @_ssdm_op_Read.axis.volatile.i24P.i3P.i3P.i1P.i1P.i1P.i1P(i24* %AXI_video_strm_V_data_V, i3* %AXI_video_strm_V_keep_V, i3* %AXI_video_strm_V_strb_V, i1* %AXI_video_strm_V_user_V, i1* %AXI_video_strm_V_last_V, i1* %AXI_video_strm_V_id_V, i1* %AXI_video_strm_V_dest_V)" [D:/Xilinx/Vivado/2017.4/common/technology/autopilot/hls/hls_video_io.h:81]   --->   Core 5 'AXI4Stream' <Latency = 0> <II = 1> <Delay = 1.00> <Adapter> <Opcode : >
ST_5 : Operation 47 [1/1] (1.76ns)   --->   "store i1 false, i1* %sof_1"

 <State 6> : 5.40ns
ST_6 : Operation 48 [1/1] (0.00ns)   --->   "%eol_1 = phi i1 [ %axi_last_V1, %0 ], [ %axi_last_V_2, %._crit_edge2 ]" [D:/Xilinx/Vivado/2017.4/common/technology/autopilot/hls/hls_video_io.h:100]
ST_6 : Operation 49 [1/1] (0.00ns)   --->   "%axi_data_V_1 = phi i24 [ %axi_data_V1, %0 ], [ %p_Val2_s, %._crit_edge2 ]"
ST_6 : Operation 50 [1/1] (0.00ns)   --->   "call void (...)* @_ssdm_op_SpecLoopTripCount(i64 640, i64 640, i64 640)"
ST_6 : Operation 51 [1/1] (0.00ns)   --->   "br i1 %exitcond, label %.preheader.preheader, label %2" [D:/Xilinx/Vivado/2017.4/common/technology/autopilot/hls/hls_video_io.h:73]
ST_6 : Operation 52 [1/1] (0.00ns)   --->   "call void (...)* @_ssdm_op_SpecLoopName([11 x i8]* @p_str17) nounwind" [D:/Xilinx/Vivado/2017.4/common/technology/autopilot/hls/hls_video_io.h:73]
ST_6 : Operation 53 [1/1] (0.00ns)   --->   "%tmp_2 = call i32 (...)* @_ssdm_op_SpecRegionBegin([11 x i8]* @p_str17)" [D:/Xilinx/Vivado/2017.4/common/technology/autopilot/hls/hls_video_io.h:73]
ST_6 : Operation 54 [1/1] (0.00ns)   --->   "call void (...)* @_ssdm_op_SpecPipeline(i32 1, i32 1, i32 1, i32 0, [1 x i8]* @p_str) nounwind" [D:/Xilinx/Vivado/2017.4/common/technology/autopilot/hls/hls_video_io.h:75]
ST_6 : Operation 55 [1/1] (1.76ns)   --->   "br i1 %brmerge, label %._crit_edge2, label %3" [D:/Xilinx/Vivado/2017.4/common/technology/autopilot/hls/hls_video_io.h:76]
ST_6 : Operation 56 [1/2] (0.00ns)   --->   "%empty_44 = call { i24, i3, i3, i1, i1, i1, i1 } @_ssdm_op_Read.axis.volatile.i24P.i3P.i3P.i1P.i1P.i1P.i1P(i24* %AXI_video_strm_V_data_V, i3* %AXI_video_strm_V_keep_V, i3* %AXI_video_strm_V_strb_V, i1* %AXI_video_strm_V_user_V, i1* %AXI_video_strm_V_last_V, i1* %AXI_video_strm_V_id_V, i1* %AXI_video_strm_V_dest_V)" [D:/Xilinx/Vivado/2017.4/common/technology/autopilot/hls/hls_video_io.h:81]   --->   Core 5 'AXI4Stream' <Latency = 0> <II = 1> <Delay = 1.00> <Adapter> <Opcode : >
ST_6 : Operation 57 [1/1] (0.00ns)   --->   "%tmp_data_V_1 = extractvalue { i24, i3, i3, i1, i1, i1, i1 } %empty_44, 0" [D:/Xilinx/Vivado/2017.4/common/technology/autopilot/hls/hls_video_io.h:81]
ST_6 : Operation 58 [1/1] (0.00ns)   --->   "%tmp_last_V_1 = extractvalue { i24, i3, i3, i1, i1, i1, i1 } %empty_44, 4" [D:/Xilinx/Vivado/2017.4/common/technology/autopilot/hls/hls_video_io.h:81]
ST_6 : Operation 59 [1/1] (1.76ns)   --->   "br label %._crit_edge2"
ST_6 : Operation 60 [1/1] (0.00ns)   --->   "%axi_last_V_2 = phi i1 [ %tmp_last_V_1, %3 ], [ %eol_1, %2 ]"
ST_6 : Operation 61 [1/1] (0.00ns)   --->   "%p_Val2_s = phi i24 [ %tmp_data_V_1, %3 ], [ %axi_data_V_1, %2 ]"
ST_6 : Operation 62 [1/1] (0.00ns)   --->   "%tmp_37 = trunc i24 %p_Val2_s to i8" [D:/Xilinx/Vivado/2017.4/common/technology/autopilot/hls/hls_axi_io.h:49->D:/Xilinx/Vivado/2017.4/common/technology/autopilot/hls/hls_axi_io.h:71->D:/Xilinx/Vivado/2017.4/common/technology/autopilot/hls/hls_video_io.h:92]
ST_6 : Operation 63 [1/1] (0.00ns)   --->   "%tmp_5 = call i8 @_ssdm_op_PartSelect.i8.i24.i32.i32(i24 %p_Val2_s, i32 8, i32 15)" [D:/Xilinx/Vivado/2017.4/common/technology/autopilot/hls/hls_axi_io.h:49->D:/Xilinx/Vivado/2017.4/common/technology/autopilot/hls/hls_axi_io.h:71->D:/Xilinx/Vivado/2017.4/common/technology/autopilot/hls/hls_video_io.h:92]
ST_6 : Operation 64 [1/1] (0.00ns)   --->   "%tmp_6 = call i8 @_ssdm_op_PartSelect.i8.i24.i32.i32(i24 %p_Val2_s, i32 16, i32 23)" [D:/Xilinx/Vivado/2017.4/common/technology/autopilot/hls/hls_axi_io.h:49->D:/Xilinx/Vivado/2017.4/common/technology/autopilot/hls/hls_axi_io.h:71->D:/Xilinx/Vivado/2017.4/common/technology/autopilot/hls/hls_video_io.h:92]
ST_6 : Operation 65 [1/1] (0.00ns)   --->   "%tmp_7 = call i32 (...)* @_ssdm_op_SpecRegionBegin([12 x i8]* @p_str28)" [D:/Xilinx/Vivado/2017.4/common/technology/autopilot/hls/hls_video_core.h:641->D:/Xilinx/Vivado/2017.4/common/technology/autopilot/hls/hls_video_core.h:662->D:/Xilinx/Vivado/2017.4/common/technology/autopilot/hls/hls_video_io.h:94]
ST_6 : Operation 66 [1/1] (0.00ns)   --->   "call void (...)* @_ssdm_op_SpecProtocol(i32 0, [1 x i8]* @p_str) nounwind" [D:/Xilinx/Vivado/2017.4/common/technology/autopilot/hls/hls_video_core.h:645->D:/Xilinx/Vivado/2017.4/common/technology/autopilot/hls/hls_video_core.h:662->D:/Xilinx/Vivado/2017.4/common/technology/autopilot/hls/hls_video_io.h:94]
ST_6 : Operation 67 [1/1] (3.63ns)   --->   "call void @_ssdm_op_Write.ap_fifo.volatile.i8P(i8* %img_data_stream_0_V, i8 %tmp_37)" [D:/Xilinx/Vivado/2017.4/common/technology/autopilot/hls/hls_video_core.h:648->D:/Xilinx/Vivado/2017.4/common/technology/autopilot/hls/hls_video_core.h:662->D:/Xilinx/Vivado/2017.4/common/technology/autopilot/hls/hls_video_io.h:94]   --->   Core 32 'FIFO' <Latency = 0> <II = 1> <Delay = 3.63> <Storage> <Opcode : 'read' 'write' 'nbread' 'nbwrite'> <Ports = 0> <Width = 8> <Depth = 1> <FIFO>
ST_6 : Operation 68 [1/1] (3.63ns)   --->   "call void @_ssdm_op_Write.ap_fifo.volatile.i8P(i8* %img_data_stream_1_V, i8 %tmp_5)" [D:/Xilinx/Vivado/2017.4/common/technology/autopilot/hls/hls_video_core.h:648->D:/Xilinx/Vivado/2017.4/common/technology/autopilot/hls/hls_video_core.h:662->D:/Xilinx/Vivado/2017.4/common/technology/autopilot/hls/hls_video_io.h:94]   --->   Core 32 'FIFO' <Latency = 0> <II = 1> <Delay = 3.63> <Storage> <Opcode : 'read' 'write' 'nbread' 'nbwrite'> <Ports = 0> <Width = 8> <Depth = 1> <FIFO>
ST_6 : Operation 69 [1/1] (3.63ns)   --->   "call void @_ssdm_op_Write.ap_fifo.volatile.i8P(i8* %img_data_stream_2_V, i8 %tmp_6)" [D:/Xilinx/Vivado/2017.4/common/technology/autopilot/hls/hls_video_core.h:648->D:/Xilinx/Vivado/2017.4/common/technology/autopilot/hls/hls_video_core.h:662->D:/Xilinx/Vivado/2017.4/common/technology/autopilot/hls/hls_video_io.h:94]   --->   Core 32 'FIFO' <Latency = 0> <II = 1> <Delay = 3.63> <Storage> <Opcode : 'read' 'write' 'nbread' 'nbwrite'> <Ports = 0> <Width = 8> <Depth = 1> <FIFO>
ST_6 : Operation 70 [1/1] (0.00ns)   --->   "%empty_45 = call i32 (...)* @_ssdm_op_SpecRegionEnd([12 x i8]* @p_str28, i32 %tmp_7)" [D:/Xilinx/Vivado/2017.4/common/technology/autopilot/hls/hls_video_core.h:650->D:/Xilinx/Vivado/2017.4/common/technology/autopilot/hls/hls_video_core.h:662->D:/Xilinx/Vivado/2017.4/common/technology/autopilot/hls/hls_video_io.h:94]
ST_6 : Operation 71 [1/1] (0.00ns)   --->   "%empty_46 = call i32 (...)* @_ssdm_op_SpecRegionEnd([11 x i8]* @p_str17, i32 %tmp_2)" [D:/Xilinx/Vivado/2017.4/common/technology/autopilot/hls/hls_video_io.h:95]
ST_6 : Operation 72 [1/1] (0.00ns)   --->   "br label %1" [D:/Xilinx/Vivado/2017.4/common/technology/autopilot/hls/hls_video_io.h:73]

 <State 7> : 1.77ns
ST_7 : Operation 73 [1/1] (1.76ns)   --->   "br label %.preheader" [D:/Xilinx/Vivado/2017.4/common/technology/autopilot/hls/hls_video_io.h:96]

 <State 8> : 0.93ns
ST_8 : Operation 74 [1/1] (0.00ns)   --->   "%eol_2 = phi i1 [ %tmp_last_V_2, %4 ], [ %eol, %.preheader.preheader ]"
ST_8 : Operation 75 [2/2] (0.00ns)   --->   "%empty_47 = call { i24, i3, i3, i1, i1, i1, i1 } @_ssdm_op_Read.axis.volatile.i24P.i3P.i3P.i1P.i1P.i1P.i1P(i24* %AXI_video_strm_V_data_V, i3* %AXI_video_strm_V_keep_V, i3* %AXI_video_strm_V_strb_V, i1* %AXI_video_strm_V_user_V, i1* %AXI_video_strm_V_last_V, i1* %AXI_video_strm_V_id_V, i1* %AXI_video_strm_V_dest_V)" [D:/Xilinx/Vivado/2017.4/common/technology/autopilot/hls/hls_video_io.h:100]   --->   Core 5 'AXI4Stream' <Latency = 0> <II = 1> <Delay = 1.00> <Adapter> <Opcode : >

 <State 9> : 0.00ns
ST_9 : Operation 76 [1/1] (0.00ns)   --->   "%axi_last_V_3 = phi i1 [ %tmp_last_V_2, %4 ], [ %eol_1, %.preheader.preheader ]"
ST_9 : Operation 77 [1/1] (0.00ns)   --->   "%axi_data_V_3 = phi i24 [ %tmp_data_V_2, %4 ], [ %axi_data_V_1, %.preheader.preheader ]"
ST_9 : Operation 78 [1/1] (0.00ns)   --->   "br i1 %eol_2, label %5, label %4" [D:/Xilinx/Vivado/2017.4/common/technology/autopilot/hls/hls_video_io.h:96]
ST_9 : Operation 79 [1/1] (0.00ns)   --->   "call void (...)* @_ssdm_op_SpecLoopName([18 x i8]* @p_str42) nounwind" [D:/Xilinx/Vivado/2017.4/common/technology/autopilot/hls/hls_video_io.h:96]
ST_9 : Operation 80 [1/1] (0.00ns)   --->   "%tmp_3 = call i32 (...)* @_ssdm_op_SpecRegionBegin([18 x i8]* @p_str42)" [D:/Xilinx/Vivado/2017.4/common/technology/autopilot/hls/hls_video_io.h:96]
ST_9 : Operation 81 [1/1] (0.00ns)   --->   "call void (...)* @_ssdm_op_SpecPipeline(i32 1, i32 1, i32 1, i32 0, [1 x i8]* @p_str) nounwind" [D:/Xilinx/Vivado/2017.4/common/technology/autopilot/hls/hls_video_io.h:97]
ST_9 : Operation 82 [1/1] (0.00ns)   --->   "call void (...)* @_ssdm_op_SpecLoopTripCount(i32 0, i32 0, i32 0, [1 x i8]* @p_str) nounwind" [D:/Xilinx/Vivado/2017.4/common/technology/autopilot/hls/hls_video_io.h:98]
ST_9 : Operation 83 [1/2] (0.00ns)   --->   "%empty_47 = call { i24, i3, i3, i1, i1, i1, i1 } @_ssdm_op_Read.axis.volatile.i24P.i3P.i3P.i1P.i1P.i1P.i1P(i24* %AXI_video_strm_V_data_V, i3* %AXI_video_strm_V_keep_V, i3* %AXI_video_strm_V_strb_V, i1* %AXI_video_strm_V_user_V, i1* %AXI_video_strm_V_last_V, i1* %AXI_video_strm_V_id_V, i1* %AXI_video_strm_V_dest_V)" [D:/Xilinx/Vivado/2017.4/common/technology/autopilot/hls/hls_video_io.h:100]   --->   Core 5 'AXI4Stream' <Latency = 0> <II = 1> <Delay = 1.00> <Adapter> <Opcode : >
ST_9 : Operation 84 [1/1] (0.00ns)   --->   "%tmp_data_V_2 = extractvalue { i24, i3, i3, i1, i1, i1, i1 } %empty_47, 0" [D:/Xilinx/Vivado/2017.4/common/technology/autopilot/hls/hls_video_io.h:100]
ST_9 : Operation 85 [1/1] (0.00ns)   --->   "%tmp_last_V_2 = extractvalue { i24, i3, i3, i1, i1, i1, i1 } %empty_47, 4" [D:/Xilinx/Vivado/2017.4/common/technology/autopilot/hls/hls_video_io.h:100]
ST_9 : Operation 86 [1/1] (0.00ns)   --->   "%empty_48 = call i32 (...)* @_ssdm_op_SpecRegionEnd([18 x i8]* @p_str42, i32 %tmp_3)" [D:/Xilinx/Vivado/2017.4/common/technology/autopilot/hls/hls_video_io.h:103]
ST_9 : Operation 87 [1/1] (0.00ns)   --->   "br label %.preheader" [D:/Xilinx/Vivado/2017.4/common/technology/autopilot/hls/hls_video_io.h:103]

 <State 10> : 0.00ns
ST_10 : Operation 88 [1/1] (0.00ns)   --->   "%empty_49 = call i32 (...)* @_ssdm_op_SpecRegionEnd([12 x i8]* @p_str16, i32 %tmp_s)" [D:/Xilinx/Vivado/2017.4/common/technology/autopilot/hls/hls_video_io.h:104]
ST_10 : Operation 89 [1/1] (0.00ns)   --->   "br label %.preheader186" [D:/Xilinx/Vivado/2017.4/common/technology/autopilot/hls/hls_video_io.h:71]


============================================================
+ Verbose Summary: Timing violations
============================================================
Target clock period: 10ns, clock uncertainty: 1.25ns.

 <State 1>: 0ns
The critical path consists of the following:

 <State 2>: 0ns
The critical path consists of the following:

 <State 3>: 1.77ns
The critical path consists of the following:
	'alloca' operation ('sof_1') [28]  (0 ns)
	'store' operation of constant 1 on local variable 'sof_1' [29]  (1.77 ns)

 <State 4>: 2.59ns
The critical path consists of the following:
	'icmp' operation ('exitcond2', D:/Xilinx/Vivado/2017.4/common/technology/autopilot/hls/hls_video_io.h:71) [35]  (1.66 ns)
	blocking operation 0.931 ns on control path)

 <State 5>: 2.7ns
The critical path consists of the following:
	'icmp' operation ('exitcond', D:/Xilinx/Vivado/2017.4/common/technology/autopilot/hls/hls_video_io.h:73) [48]  (1.77 ns)
	blocking operation 0.931 ns on control path)

 <State 6>: 5.4ns
The critical path consists of the following:
	'phi' operation ('eol', D:/Xilinx/Vivado/2017.4/common/technology/autopilot/hls/hls_video_io.h:100) with incoming values : ('tmp.last.V', D:/Xilinx/Vivado/2017.4/common/technology/autopilot/hls/hls_video_io.h:68) ('tmp.last.V', D:/Xilinx/Vivado/2017.4/common/technology/autopilot/hls/hls_video_io.h:81) ('tmp.last.V', D:/Xilinx/Vivado/2017.4/common/technology/autopilot/hls/hls_video_io.h:100) [44]  (0 ns)
	multiplexor before 'phi' operation ('axi.data.V') with incoming values : ('tmp.data.V', D:/Xilinx/Vivado/2017.4/common/technology/autopilot/hls/hls_video_io.h:68) ('tmp.data.V', D:/Xilinx/Vivado/2017.4/common/technology/autopilot/hls/hls_video_io.h:81) ('tmp.data.V', D:/Xilinx/Vivado/2017.4/common/technology/autopilot/hls/hls_video_io.h:100) [66]  (1.77 ns)
	'phi' operation ('axi.data.V') with incoming values : ('tmp.data.V', D:/Xilinx/Vivado/2017.4/common/technology/autopilot/hls/hls_video_io.h:68) ('tmp.data.V', D:/Xilinx/Vivado/2017.4/common/technology/autopilot/hls/hls_video_io.h:81) ('tmp.data.V', D:/Xilinx/Vivado/2017.4/common/technology/autopilot/hls/hls_video_io.h:100) [66]  (0 ns)
	fifo write on port 'img_data_stream_0_V' (D:/Xilinx/Vivado/2017.4/common/technology/autopilot/hls/hls_video_core.h:648->D:/Xilinx/Vivado/2017.4/common/technology/autopilot/hls/hls_video_core.h:662->D:/Xilinx/Vivado/2017.4/common/technology/autopilot/hls/hls_video_io.h:94) [72]  (3.63 ns)

 <State 7>: 1.77ns
The critical path consists of the following:
	multiplexor before 'phi' operation ('axi.last.V') with incoming values : ('tmp.last.V', D:/Xilinx/Vivado/2017.4/common/technology/autopilot/hls/hls_video_io.h:68) ('tmp.last.V', D:/Xilinx/Vivado/2017.4/common/technology/autopilot/hls/hls_video_io.h:81) ('tmp.last.V', D:/Xilinx/Vivado/2017.4/common/technology/autopilot/hls/hls_video_io.h:100) [82]  (1.77 ns)

 <State 8>: 0.931ns
The critical path consists of the following:
	'phi' operation ('axi.last.V') with incoming values : ('tmp.last.V', D:/Xilinx/Vivado/2017.4/common/technology/autopilot/hls/hls_video_io.h:68) ('tmp.last.V', D:/Xilinx/Vivado/2017.4/common/technology/autopilot/hls/hls_video_io.h:81) ('tmp.last.V', D:/Xilinx/Vivado/2017.4/common/technology/autopilot/hls/hls_video_io.h:100) [84]  (0 ns)
	blocking operation 0.931 ns on control path)

 <State 9>: 0ns
The critical path consists of the following:

 <State 10>: 0ns
The critical path consists of the following:


============================================================
+ Verbose Summary: Binding
============================================================
N/A
* FSMD analyzer results:
  - Output states:
 - Input state : 
  - Chain level:
	State 1
	State 2
	State 3
	State 4
	State 5
	State 6
	State 7
	State 8
	State 9
	State 10


============================================================
+ Verbose Summary: Datapath Resource usage 
============================================================
N/A
